###############################################################################
#                                                                             #
# IAR C/C++ Compiler V1.41.1.50116 for STM8             21/Oct/2016  11:20:33 #
# Copyright 2010-2013 IAR Systems AB.                                         #
#                                                                             #
#    Source file  =  D:\EF_proj\STM8\PortableRGB\PortableRGB_1.2\USER\FireLam #
#                    p.c                                                      #
#    Command line =  D:\EF_proj\STM8\PortableRGB\PortableRGB_1.2\USER\FireLam #
#                    p.c -e -On --no_cse --no_unroll --no_inline              #
#                    --no_code_motion --no_tbaa --no_cross_call --debug       #
#                    --code_model medium --data_model medium -o               #
#                    D:\EF_proj\STM8\PortableRGB\PortableRGB_1.2\PRJ\Debug\Ob #
#                    j\ --dlib_config D:\EF_proj\STM8\IAR\STM8_1.4\stm8\LIB\d #
#                    lstm8mmn.h -D STM8L15X_MD -lcN                           #
#                    D:\EF_proj\STM8\PortableRGB\PortableRGB_1.2\PRJ\Debug\Li #
#                    st\ -I D:\EF_proj\STM8\PortableRGB\PortableRGB_1.2\PRJ\. #
#                    .\LIB\STM8L15x_StdPeriph_Driver\inc\ -I                  #
#                    D:\EF_proj\STM8\PortableRGB\PortableRGB_1.2\PRJ\..\USER\ #
#                     --vregs 16                                              #
#    List file    =  D:\EF_proj\STM8\PortableRGB\PortableRGB_1.2\PRJ\Debug\Li #
#                    st\FireLamp.lst                                          #
#    Object file  =  D:\EF_proj\STM8\PortableRGB\PortableRGB_1.2\PRJ\Debug\Ob #
#                    j\FireLamp.o                                             #
#                                                                             #
#                                                                             #
###############################################################################

D:\EF_proj\STM8\PortableRGB\PortableRGB_1.2\USER\FireLamp.c
      1          #include "firelamp.h"
      2          #include "stm8l15x.h"
      3          #include "main.h"
      4          
      5          
      6          void SEND_CODE_DATA(uint8_t ch[],int dataLen,int gpio_pinx ,uint32_t time);
      7          void RGBLightCtr(uint8_t RValue, uint8_t GValue, uint8_t BValue , uint8_t Brightness ,uint16_t Time ,uint8_t count);
      8          
      9          
     10          //GRB----CLOSE
     11          uint8_t test[] = { 0x00, 0x00, 0x00, 0x00, 0x00, 0x00, 0x00, 0x00, 0x00, 0x00, 0x00, 0x00, 
     12                                0x00, 0x00, 0x00, 0x00, 0x00, 0x00, 0x00, 0x00, 0x00, 0x00, 0x00, 0x00, 
     13                                0x00, 0x00, 0x00, 0x00, 0x00, 0x00, 0x00, 0x00, 0x00, 0x00, 0x00, 0x00,
     14                                0x00, 0x00, 0x00, 0x00, 0x00, 0x00, 0x00, 0x00, 0x00, 0x00, 0x00, 0x00,
     15                                0x00, 0x00, 0x00, 0x00, 0x00, 0x00, 0x00, 0x00, 0x00, 0x00, 0x00, 0x00, 
     16                                0x00, 0x00, 0x00, 0x00, 0x00, 0x00, 0x00, 0x00, 0x00, 0x00, 0x00, 0x00, 
     17                                0x00, 0x00, 0x00, 0x00, 0x00, 0x00, 0x00, 0x00, 0x00, 0x00, 0x00, 0x00,
     18                                0x00, 0x00, 0x00, 0x00, 0x00, 0x00, 0x00, 0x00, 0x00, 0x00, 0x00, 0x00,
     19                                0x00, 0x00, 0x00, 0x00, 0x00, 0x00, 0x00, 0x00, 0x00, 0x00, 0x00, 0x00, 
     20                                0x00, 0x00, 0x00, 0x00, 0x00, 0x00, 0x00, 0x00, 0x00, 0x00, 0x00, 0x00, 
     21                                0x00, 0x00, 0x00, 0x00, 0x00, 0x00, 0x00, 0x00, 0x00, 0x00, 0x00, 0x00,
     22                                0x00, 0x00, 0x00, 0x00, 0x00, 0x00, 0x00, 0x00, 0x00, 0x00, 0x00, 0x00,
     23                                0x00, 0x00, 0x00,
     24          };
     25          
     26          uint8_t OFFGroup[] = { 0x00, 0x00, 0x00, 0x00, 0x00, 0x00, 0x00, 0x00, 0x00, 0x00, 0x00, 0x00, 
     27                                0x00, 0x00, 0x00, 0x00, 0x00, 0x00, 0x00, 0x00, 0x00, 0x00, 0x00, 0x00, 
     28                                0x00, 0x00, 0x00, 0x00, 0x00, 0x00, 0x00, 0x00, 0x00, 0x00, 0x00, 0x00,
     29                                0x00, 0x00, 0x00, 0x00, 0x00, 0x00, 0x00, 0x00, 0x00, 0x00, 0x00, 0x00,
     30                                0x00, 0x00, 0x00, 0x00, 0x00, 0x00, 0x00, 0x00, 0x00, 0x00, 0x00, 0x00, 
     31                                0x00, 0x00, 0x00, 0x00, 0x00, 0x00, 0x00, 0x00, 0x00, 0x00, 0x00, 0x00, 
     32                                0x00, 0x00, 0x00, 0x00, 0x00, 0x00, 0x00, 0x00, 0x00, 0x00, 0x00, 0x00,
     33                                0x00, 0x00, 0x00, 0x00, 0x00, 0x00, 0x00, 0x00, 0x00, 0x00, 0x00, 0x00,
     34                                0x00, 0x00, 0x00, 0x00, 0x00, 0x00, 0x00, 0x00, 0x00, 0x00, 0x00, 0x00, 
     35                                0x00, 0x00, 0x00, 0x00, 0x00, 0x00, 0x00, 0x00, 0x00, 0x00, 0x00, 0x00, 
     36                                0x00, 0x00, 0x00, 0x00, 0x00, 0x00, 0x00, 0x00, 0x00, 0x00, 0x00, 0x00,
     37                                0x00, 0x00, 0x00, 0x00, 0x00, 0x00, 0x00, 0x00, 0x00, 0x00, 0x00, 0x00,
     38                                0x00, 0x00, 0x00,
     39          };
     40          #if 1
     41          //white
     42          uint8_t WhiteGroup[] = {254,254,254, 254,254,254, 254,254,254, 254,254,254,
     43                                  254,254,254, 254,254,254, 254,254,254, 254,254,254,
     44                                  254,254,254, 254,254,254, 254,254,254, 254,254,254,
     45                                  254,254,254, 254,254,254, 254,254,254, 254,254,254,
     46                                  254,254,254, 254,254,254, 254,254,254, 254,254,254,
     47                                  254,254,254, 254,254,254, 254,254,254, 254,254,254,
     48                                  254,254,254, 254,254,254, 254,254,254, 254,254,254,
     49                                  254,254,254, 254,254,254, 254,254,254, 254,254,254,
     50                                  254,254,254, 254,254,254, 254,254,254, 254,254,254,
     51                                  254,254,254, 254,254,254, 254,254,254, 254,254,254,
     52                                  254,254,254, 254,254,254, 254,254,254, 254,254,254,
     53                                  254,254,254, 254,254,254, 254,254,254, 254,254,254,
     54                                  254,254,254, 
     55          };
     56          #endif
     57          
     58          //G
     59          uint8_t GGroup[] = { 0xff,0x00, 0x00, 0xff, 0x00, 0x00, 0xff,0x00, 0x00, 0xff, 0x00, 0x00, 
     60                              0xff,0x00, 0x00, 0xff, 0x00, 0x00, 0xff,0x00, 0x00, 0xff, 0x00, 0x00,  
     61                              0xff,0x00, 0x00, 0xff, 0x00, 0x00, 0xff,0x00, 0x00, 0xff, 0x00, 0x00, 
     62                              0xff,0x00, 0x00, 0xff, 0x00, 0x00, 0xff,0x00, 0x00, 0xff, 0x00, 0x00, 
     63                              0xff,0x00, 0x00, 0xff, 0x00, 0x00, 0xff,0x00, 0x00, 0xff, 0x00, 0x00, 
     64                              0xff,0x00, 0x00, 0xff, 0x00, 0x00, 0xff,0x00, 0x00, 0xff, 0x00, 0x00,  
     65                              0xff,0x00, 0x00, 0xff, 0x00, 0x00, 0xff,0x00, 0x00, 0xff, 0x00, 0x00, 
     66                              0xff,0x00, 0x00, 0xff, 0x00, 0x00, 0xff,0x00, 0x00, 0xff, 0x00, 0x00,
     67                              0xff,0x00, 0x00, 0xff, 0x00, 0x00, 0xff,0x00, 0x00, 0xff, 0x00, 0x00, 
     68                              0xff,0x00, 0x00, 0xff, 0x00, 0x00, 0xff,0x00, 0x00, 0xff, 0x00, 0x00,  
     69                              0xff,0x00, 0x00, 0xff, 0x00, 0x00, 0xff,0x00, 0x00, 0xff, 0x00, 0x00, 
     70                              0xff,0x00, 0x00, 0xff, 0x00, 0x00, 0xff,0x00, 0x00, 0xff, 0x00, 0x00,
     71                              0xff,0x00, 0x00,
     72          };
     73          //B
     74          uint8_t BGroup[] = {  0x00, 0x00, 0xff, 0x00, 0x00, 0xff, 0x00, 0x00, 0xff, 0x00, 0x00, 0xff, 
     75                                0x00, 0x00, 0xff, 0x00, 0x00, 0xff, 0x00, 0x00, 0xff, 0x00, 0x00, 0xff,  
     76                                0x00, 0x00, 0xff, 0x00, 0x00, 0xff, 0x00, 0x00, 0xff, 0x00, 0x00, 0xff, 
     77                                0x00, 0x00, 0xff, 0x00, 0x00, 0xff, 0x00, 0x00, 0xff, 0x00, 0x00, 0xff,
     78                                0x00, 0x00, 0xff, 0x00, 0x00, 0xff, 0x00, 0x00, 0xff, 0x00, 0x00, 0xff, 
     79                                0x00, 0x00, 0xff, 0x00, 0x00, 0xff, 0x00, 0x00, 0xff, 0x00, 0x00, 0xff,  
     80                                0x00, 0x00, 0xff, 0x00, 0x00, 0xff, 0x00, 0x00, 0xff, 0x00, 0x00, 0xff, 
     81                                0x00, 0x00, 0xff, 0x00, 0x00, 0xff, 0x00, 0x00, 0xff, 0x00, 0x00, 0xff,
     82                                0x00, 0x00, 0xff, 0x00, 0x00, 0xff, 0x00, 0x00, 0xff, 0x00, 0x00, 0xff, 
     83                                0x00, 0x00, 0xff, 0x00, 0x00, 0xff, 0x00, 0x00, 0xff, 0x00, 0x00, 0xff,  
     84                                0x00, 0x00, 0xff, 0x00, 0x00, 0xff, 0x00, 0x00, 0xff, 0x00, 0x00, 0xff, 
     85                                0x00, 0x00, 0xff, 0x00, 0x00, 0xff, 0x00, 0x00, 0xff, 0x00, 0x00, 0xff,
     86                                0x00, 0x00, 0xff,
     87          };
     88          //R
     89          uint8_t RGroup[] = { 0x00, 0xff,0x00,  0x00, 0xff,0x00,0x00, 0xff,0x00, 0x00, 0xff,0x00,
     90                              0x00, 0xff,0x00,  0x00, 0xff,0x00,0x00, 0xff,0x00, 0x00, 0xff,0x00, 
     91                              0x00, 0xff,0x00,  0x00, 0xff,0x00,0x00, 0xff,0x00, 0x00, 0xff,0x00,
     92                              0x00, 0xff,0x00,  0x00, 0xff,0x00,0x00, 0xff,0x00, 0x00, 0xff,0x00, 
     93                              0x00, 0xff,0x00,  0x00, 0xff,0x00,0x00, 0xff,0x00, 0x00, 0xff,0x00,
     94                              0x00, 0xff,0x00,  0x00, 0xff,0x00,0x00, 0xff,0x00, 0x00, 0xff,0x00, 
     95                              0x00, 0xff,0x00,  0x00, 0xff,0x00,0x00, 0xff,0x00, 0x00, 0xff,0x00,
     96                              0x00, 0xff,0x00,  0x00, 0xff,0x00,0x00, 0xff,0x00, 0x00, 0xff,0x00,
     97                              0x00, 0xff,0x00,  0x00, 0xff,0x00,0x00, 0xff,0x00, 0x00, 0xff,0x00,
     98                              0x00, 0xff,0x00,  0x00, 0xff,0x00,0x00, 0xff,0x00, 0x00, 0xff,0x00, 
     99                              0x00, 0xff,0x00,  0x00, 0xff,0x00,0x00, 0xff,0x00, 0x00, 0xff,0x00,
    100                              0x00, 0xff,0x00,  0x00, 0xff,0x00,0x00, 0xff,0x00, 0x00, 0xff,0x00,
    101                              0x00, 0xff,0x00,
    102          };
    103          
    104          //FIRE  49 LED
    105          uint8_t FireGroup[] = { 0x00, 0x00,0x00,  0x00, 0x00,0x00,0x00, 0x00,0x00, 0x00, 0x00,0x00,
    106                              0x00, 0x00,0x00,  0x00, 0x00,0x00,0x00, 0x00,0x00, 0x00, 0x00,0x00, 
    107                              0x00, 0x00,0x00,  0x00, 0x00,0x00,0x00, 0x00,0x00, 0x00, 0x00,0x00,
    108                              0x00, 0x00,0x00,  0x00, 0x00,0x00,0x00, 0x00,0x00, 0x00, 0x00,0x00, 
    109                              0x00, 0x00,0x00,  0x00, 0x00,0x00,0x00, 0x00,0x00, 0x00, 0x00,0x00,
    110                              0x00, 0x00,0x00,  0x00, 0x00,0x00,0x00, 0x00,0x00, 0x00, 0x00,0x00,
    111                              0x00, 0x00,0x00,  0x00, 0x00,0x00,0x00, 0x00,0x00, 0x00, 0x00,0x00,
    112                              0x00, 0x00,0x00,  0x00, 0x00,0x00,0x00, 0x00,0x00, 0x00, 0x00,0x00, 
    113                              0x00, 0x00,0x00,  0x00, 0x00,0x00,0x00, 0x00,0x00, 0x00, 0x00,0x00,
    114                              0x00, 0x00,0x00,  0x00, 0x00,0x00,0x00, 0x00,0x00, 0x00, 0x00,0x00, 
    115                              0x00, 0x00,0x00,  0x00, 0x00,0x00,0x00, 0x00,0x00, 0x00, 0x00,0x00,
    116                              0x00, 0x00,0x00,  0x00, 0x00,0x00,0x00, 0x00,0x00, 0x00, 0x00,0x00,
    117                              0x00, 0x00,0x00,  
    118          };
    119          
    120          uint8_t IceEffect[] = {  65, 10,161,  65, 10,161, 65, 10,161, 65, 10,161,
    121                                   65, 10,161,  65, 10,161, 65, 10,161, 65, 10,161, 
    122                                   65, 10,161,  65, 10,161, 65, 10,161, 65, 10,161,
    123                                   65, 10,161,  65, 10,161, 65, 10,161, 65, 10,161,
    124                                   65, 10,161,  65, 10,161, 65, 10,161, 65, 10,161,
    125                                   65, 10,161,  65, 10,161, 65, 10,161, 65, 10,161,
    126                                   65, 10,161,  65, 10,161, 65, 10,161, 65, 10,161,
    127                                   65, 10,161,  65, 10,161, 65, 10,161, 65, 10,161,
    128                                   65, 10,161,  65, 10,161, 65, 10,161, 65, 10,161,
    129                                   65, 10,161,  65, 10,161, 65, 10,161, 65, 10,161,
    130                                   65, 10,161,  65, 10,161, 65, 10,161, 65, 10,161,
    131                                   65, 10,161,  65, 10,161, 65, 10,161, 65, 10,161,
    132                                   65, 10,161,  65, 10,161,                    161,
    133          };
    134          
    135          uint8_t LedGroup[] = {6,7,7,9,7,7,6};
    136          
    137          //亮度调节不能循环运行，否则每次亮度值都会根据输入的亮度进行递减，比如80亮度值，每次循环都会递减20%亮度
    138          void APP_LED_LOOP(uint8_t num , uint8_t *color ,uint16_t time, uint8_t brightness)
    139          {
    140            uint8_t tmp,k;
    141            
    142            k = num * 3 ;
    143            if(brightness > 100)
    144              brightness = 100;
    145            brightness = brightness * 40 /100;
    146            for(tmp = 0; tmp < k+1; tmp++)
    147            {
    148              color[tmp] = color[tmp] * brightness /40 ;
    149              
    150            }
    151            SEND_CODE_DATA(color ,k, FIRE_LAMP_PIN,time);
    152          }
    153          
    154          void PointCTRL(uint8_t *color ,uint8_t RValue,uint8_t GValue,uint8_t BValue,uint8_t LED,uint8_t brightness,uint8_t time)
    155          {
    156            LED*=3;
    157            if(brightness > 100)
    158              brightness = 100;
    159            brightness = brightness * 40 /100;
    160            color[LED] = GValue * brightness /40;
    161            color[LED+1] = RValue * brightness /40;
    162            color[LED+2] = BValue * brightness /40;
    163            SEND_CODE_DATA(color ,LED, FIRE_LAMP_PIN,time);
    164          }
    165          
    166          
    167          uint8_t RFLAG = 0;
    168          uint8_t GFLAG = 0;
    169          uint8_t BFLAG = 0;
    170          uint8_t BRTFLAG = 0;
    171          uint8_t LEDFLAG = 0;
    172          void APP_RGBLoop(void)
    173          {
    174            
    175            APP_LED_LOOP(49, RGroup ,10000, 100);
    176            Delay(50000);
    177            APP_LED_LOOP(49, GGroup ,10000, 100);
    178            Delay(50000);
    179            APP_LED_LOOP(49, BGroup ,10000, 100);
    180            Delay(50000);
    181            
    182          }
    183          
    184          //smallfire
    185          uint8_t GTmp = 20,RTmp = 200,BRT= 40,Lednum = 10;
    186          uint8_t tmp3 = 70;
    187          void APP_SmallFIRE(void)
    188          {
    189            uint8_t tmp1 ;
    190            
    191            for(tmp1=144 ; tmp1 > 101 ; tmp1-=3)
    192              {
    193                FireGroup[tmp1] = tmp1-100; 
    194                FireGroup[tmp1+1] = tmp1+100;
    195                
    196              }
    197            
    198              for(tmp1=48 ; tmp1 < 101 ; tmp1+=3)
    199              {
    200                FireGroup[tmp1] = 20; 
    201                FireGroup[tmp1+1] = 100+tmp1;
    202                
    203          
    204              }
    205            
    206            for(tmp1=0 ; tmp1 < 48 ; tmp1+=3 )
    207              {
    208                FireGroup[tmp1] = 10; 
    209                FireGroup[tmp1+1] = 200+tmp1;
    210                
    211              }
    212              tmp3+=8;
    213            if(tmp3 > 80)
    214              tmp3 = 50;
    215            Lednum+=2;
    216            if(Lednum > 49)
    217              Lednum = 0;
    218              APP_LED_LOOP(Lednum, FireGroup ,10000, Lednum+50);
    219              APP_LED_LOOP(49, FireGroup ,15000, tmp3);
    220          }
    221          //bigfire
    222          void APP_BigFIRE(void)
    223          {
    224            uint8_t tmp1 ;
    225            
    226            for(tmp1=144 ; tmp1 > 101 ; tmp1-=6)
    227              {
    228                FireGroup[tmp1] = 15; 
    229                FireGroup[tmp1+1] = tmp1-30;
    230                
    231              }
    232            
    233              for(tmp1=48 ; tmp1 < 101 ; tmp1+=3)
    234              {
    235                FireGroup[tmp1] = 5; 
    236                FireGroup[tmp1+1] = 150+Lednum;
    237              }
    238            
    239            for(tmp1=0 ; tmp1 < 48 ; tmp1+=6 )
    240              {
    241                FireGroup[tmp1] = 10; 
    242                FireGroup[tmp1+1] = 120+Lednum;
    243                
    244              }
    245              tmp3+=8;
    246            if(tmp3 > 100)
    247              tmp3 = 80;
    248            Lednum+=10;
    249            if(Lednum > 49)
    250              Lednum = 0;
    251              APP_LED_LOOP(Lednum, FireGroup ,6000, Lednum+50);
    252              APP_LED_LOOP(49, FireGroup ,12000, tmp3);
    253          }
    254            
    255          #if 0
    256          void APP_BigFIRE(void)
    257          {
    258            uint8_t tmp1 ;
    259            for(tmp1 = 0; tmp1 < 146 ;tmp1+=3)
    260            {
    261              FireGroup[tmp1] = GTmp;
    262              FireGroup[tmp1+1] = RTmp;
    263              if(GFLAG)
    264                GTmp+= 10 ;
    265              else
    266                GTmp-= 6 ;
    267              if(RFLAG)
    268                RTmp-= GTmp ;
    269              else
    270                RTmp+= GTmp ;
    271              if(BRTFLAG)
    272                BRT +=GTmp;
    273              else
    274                BRT -=GTmp;
    275              if(RTmp < 170)
    276                RFLAG=0;
    277              if(RTmp > 246)
    278                RFLAG=1;
    279              if(GTmp < 10)
    280                GFLAG=1;
    281              if(GTmp > 30)
    282                GFLAG=0;
    283              if(BRT>70)
    284                BRTFLAG = 0;
    285              if(BRT<50)
    286                BRTFLAG = 1;
    287            
    288            }
    289            
    290              Lednum+=6;
    291           
    292            if(Lednum > 49)
    293              Lednum = 0;
    294              APP_LED_LOOP(Lednum, FireGroup ,10300, 75);
    295            APP_LED_LOOP(49, FireGroup ,18300, Lednum+40);
    296          
    297          
    298          }
    299          #endif
    300          
    301          //ice
    302          void APP_ICE(void)
    303          {
    304            
    305            APP_LED_LOOP(49, IceEffect ,10, 100);
    306          
    307          }
    308          uint8_t ICER = 10, ICEG = 65, ICEB = 191;
    309          uint8_t SwitchFlag = 0;
    310          uint16_t BlinkIntervalTime = 10;
    311          uint8_t BlinkFlag = 0;
    312          uint8_t tmp1 = 70;
    313          void APP_COLDFIRE(void)
    314          {
    315            uint8_t j =0;
    316            for(j = 48; j < 96;j+=3)
    317                {
    318                  IceEffect[j] = ICEG ;
    319                  IceEffect[j+1] = ICER ;
    320                  IceEffect[j+2] = ICEB ;
    321                  ICEG+=3;
    322                  ICER-=3;
    323                  ICEB+=18;
    324                  if(ICEG > 100)
    325                    ICEG = 55;
    326                  if(ICER < 4)
    327                    ICER = 32;
    328                  if(ICEB > 125)
    329                    ICEB = 65;
    330                  
    331                }
    332                for(j = 0; j < 47;j+=3)
    333                {
    334                  IceEffect[j] = ICEG ;
    335                  IceEffect[j+1] = ICER ;
    336                  IceEffect[j+2] = ICEB ;
    337                  ICEG+=3;
    338                  ICER-=3;
    339                  ICEB+=24;
    340                  if(ICEG > 90)
    341                    ICEG = 55;
    342                  if(ICER < 4)
    343                    ICER = 32;
    344                  if(ICEB > 220)
    345                    ICEB = 45;
    346                 
    347                }
    348                for(j = 96; j < 147;j+=3)
    349                {
    350                  IceEffect[j] = ICEG ;
    351                  IceEffect[j+1] = ICER ;
    352                  IceEffect[j+2] = ICEB ;
    353                  ICEG+=3;
    354                  ICER-=3;
    355                  ICEB+=20;
    356                  if(ICEG > 80)
    357                    ICEG = 55;
    358                  if(ICER < 4)
    359                    ICER = 32;
    360                  if(ICEB > 220)
    361                    ICEB = 105;
    362                  
    363                }
    364                if(BlinkFlag == 0)
    365                {
    366                  BlinkIntervalTime += 400 ;
    367                  tmp1+=4;
    368                }
    369                
    370                if(BlinkIntervalTime > 10000)
    371                {
    372                  BlinkFlag = 1;
    373                }
    374                if(BlinkFlag == 1)
    375                {
    376                  BlinkIntervalTime -= 560 ;
    377                  tmp1-=5;
    378                }
    379                
    380                if(BlinkIntervalTime < 2610)
    381                {
    382                  BlinkFlag = 0;
    383                }
    384              //tmp1+=6;
    385              if(tmp1 > 100)
    386                tmp1 = 90;
    387              if(tmp1 <80)
    388                tmp1 = 100;
    389                PointCTRL(IceEffect, 0,0,50,ICER+4,100,BlinkIntervalTime);
    390                APP_LED_LOOP(49 ,IceEffect , BlinkIntervalTime ,tmp1);
    391          
    392          }
    393          
    394          
    395          //warmwhite
    396          void APP_WARMWHITE(void)
    397          {
    398            uint8_t tmp;
    399            for(tmp = 0; tmp < 147; tmp+=3)
    400            {
    401              WhiteGroup[tmp] = 55;
    402              WhiteGroup[tmp+1] = 220;
    403              WhiteGroup[tmp+2] = 0;
    404            }
    405            APP_LED_LOOP(49, WhiteGroup ,10, 100);
    406              
    407          }
    408          
    409          //Switchoff
    410          void APP_SWITCHOFF(void)
    411          {
    412            
    413            APP_LED_LOOP(49, OFFGroup ,10, 100);
    414              
    415          }
    416          
    417          //coldwhite
    418          void APP_COLDWHITE(void)
    419          {
    420            uint8_t tmp;
    421            for(tmp = 0; tmp < 147; tmp+=3)
    422            {
    423              WhiteGroup[tmp] = 120;
    424              WhiteGroup[tmp+1] = 66;
    425              WhiteGroup[tmp+2] = 130;
    426            }
    427            APP_LED_LOOP(49, WhiteGroup ,10, 100);
    428              
    429          }
    430          
    431          //RGB DRIVER
    432          void RGBLightCtr(uint8_t RValue, uint8_t GValue, uint8_t BValue , uint8_t Brightness ,uint16_t Time ,uint8_t count)
    433          {
    434            uint8_t Num,k;
    435            k = count*3;
    436            for(Num = 0 ; Num < k ;Num +=3)
    437            {
    438              test[Num] = GValue ;
    439              test[Num+1] = RValue ;
    440              test[Num+2] = BValue ;
    441            }
    442            APP_LED_LOOP(count, test, Time, Brightness);
    443          }
    444          
    445          
    446          void LampGpioInit(void)
    447          {
    448            GPIO_Init(FIRE_LAMP_PORT, FIRE_LAMP_PIN, GPIO_Mode_Out_PP_Low_Fast);
    449            GPIO_Init(TOUCH_PORT, TOUCH_PIN, GPIO_Mode_In_FL_IT);
    450            EXTI_SetPinSensitivity(EXTI_Pin_4, EXTI_Trigger_Rising);
    451            
    452          }
    453          
    454          void SEND_CODE_DATA(uint8_t ch[],int dataLen,int gpio_pinx ,uint32_t time)  
    455          {
    456            if(dataLen > 0 ){
    457             int len = dataLen;
    458             uint8_t num ;
    459             for(num = 0 ; num < len ; num++)
    460             {
    461               if(ch[num]&0x80){
    462                 CODE_ONE(gpio_pinx);
    463               }else{
    464                  CODE_ZERN(gpio_pinx);
    465               }
    466               if(ch[num]&0x40){
    467                 CODE_ONE(gpio_pinx);
    468               }else{
    469                  CODE_ZERN(gpio_pinx); 
    470               }
    471               if(ch[num]&0x20){
    472                 CODE_ONE(gpio_pinx);
    473               }else{
    474                  CODE_ZERN(gpio_pinx);
    475               }
    476               if(ch[num]&0x10){
    477                 CODE_ONE(gpio_pinx); 
    478               }else{
    479                  CODE_ZERN(gpio_pinx);
    480               }
    481               
    482               if(ch[num]&0x08){
    483                 CODE_ONE(gpio_pinx);
    484               }else{
    485                  CODE_ZERN(gpio_pinx); 
    486               }
    487               if(ch[num]&0x04){
    488                 CODE_ONE(gpio_pinx);
    489               }else{
    490                  CODE_ZERN(gpio_pinx);
    491               }
    492               if(ch[num]&0x02){
    493                 CODE_ONE(gpio_pinx);
    494               }else{
    495                  CODE_ZERN(gpio_pinx);
    496               }
    497               if(ch[num]&0x01){
    498                 CODE_ONE(gpio_pinx);
    499               }else{
    500                 CODE_ZERN(gpio_pinx);
    501               }
    502             }
    503            } 
    504            Delay(time);     
    505          }
    506          
    507          
    508          
    509          
    510          
    511          
    512          

   Section sizes:

   Bytes  Function/Label
   -----  --------------
     208  APP_BigFIRE
     482  APP_COLDFIRE
      73  APP_COLDWHITE
      18  APP_ICE
     161  APP_LED_LOOP
      88  APP_RGBLoop
      18  APP_SWITCHOFF
     208  APP_SmallFIRE
      72  APP_WARMWHITE
       1  BFLAG
     147  BGroup
       1  BRT
       1  BRTFLAG
       1  BlinkFlag
       2  BlinkIntervalTime
     147  FireGroup
       1  GFLAG
     147  GGroup
       1  GTmp
       1  ICEB
       1  ICEG
       1  ICER
     151  IceEffect
       1  LEDFLAG
      37  LampGpioInit
       7  LedGroup
       1  Lednum
     147  OFFGroup
     189  PointCTRL
       1  RFLAG
     105  RGBLightCtr
     147  RGroup
       1  RTmp
     664  SEND_CODE_DATA
       1  SwitchFlag
     147  WhiteGroup
     147  test
       1  tmp1
       1  tmp3

 
 2 323 bytes in section .far_func.text
   448 bytes in section .near.bss
   757 bytes in section .near.data
 
 2 323 bytes of CODE memory
 1 205 bytes of DATA memory

Errors: none
Warnings: none
