###############################################################################
#                                                                             #
# IAR C/C++ Compiler V1.41.1.50116 for STM8             20/Oct/2016  15:22:22 #
# Copyright 2010-2013 IAR Systems AB.                                         #
#                                                                             #
#    Source file  =  D:\EF_proj\STM8\PortableRGB\PortableRGB_1.2\USER\stm8l15 #
#                    x_it.c                                                   #
#    Command line =  D:\EF_proj\STM8\PortableRGB\PortableRGB_1.2\USER\stm8l15 #
#                    x_it.c -e -On --no_cse --no_unroll --no_inline           #
#                    --no_code_motion --no_tbaa --no_cross_call --debug       #
#                    --code_model medium --data_model medium -o               #
#                    D:\EF_proj\STM8\PortableRGB\PortableRGB_1.2\PRJ\Debug\Ob #
#                    j\ --dlib_config D:\EF_proj\STM8\IAR\STM8_1.4\stm8\LIB\d #
#                    lstm8mmn.h -D STM8L15X_MD -lcN                           #
#                    D:\EF_proj\STM8\PortableRGB\PortableRGB_1.2\PRJ\Debug\Li #
#                    st\ -I D:\EF_proj\STM8\PortableRGB\PortableRGB_1.2\PRJ\. #
#                    .\LIB\STM8L15x_StdPeriph_Driver\inc\ -I                  #
#                    D:\EF_proj\STM8\PortableRGB\PortableRGB_1.2\PRJ\..\USER\ #
#                     --vregs 16                                              #
#    List file    =  D:\EF_proj\STM8\PortableRGB\PortableRGB_1.2\PRJ\Debug\Li #
#                    st\stm8l15x_it.lst                                       #
#    Object file  =  D:\EF_proj\STM8\PortableRGB\PortableRGB_1.2\PRJ\Debug\Ob #
#                    j\stm8l15x_it.o                                          #
#                                                                             #
#                                                                             #
###############################################################################

D:\EF_proj\STM8\PortableRGB\PortableRGB_1.2\USER\stm8l15x_it.c
      1          /**
      2            ******************************************************************************
      3            * @file    Project/Template/stm8l15x_it.c
      4            * @author  MCD Tools Team
      5            * @version V1.2.0
      6            * @date    09/2010
      7            * @brief   Main Interrupt Service Routines.
      8            *          This file provides template for all peripherals interrupt service routine.
      9            ******************************************************************************
     10            * @copy
     11            *
     12            * THE PRESENT FIRMWARE WHICH IS FOR GUIDANCE ONLY AIMS AT PROVIDING CUSTOMERS
     13            * WITH CODING INFORMATION REGARDING THEIR PRODUCTS IN ORDER FOR THEM TO SAVE
     14            * TIME. AS A RESULT, STMICROELECTRONICS SHALL NOT BE HELD LIABLE FOR ANY
     15            * DIRECT, INDIRECT OR CONSEQUENTIAL DAMAGES WITH RESPECT TO ANY CLAIMS ARISING
     16            * FROM THE CONTENT OF SUCH FIRMWARE AND/OR THE USE MADE BY CUSTOMERS OF THE
     17            * CODING INFORMATION CONTAINED HEREIN IN CONNECTION WITH THEIR PRODUCTS.
     18            *
     19            * <h2><center>&copy; COPYRIGHT 2010 STMicroelectronics</center></h2>
     20            */ 
     21          
     22          /* Includes ------------------------------------------------------------------*/
     23          #include "stm8l15x.h"
     24          #include "stm8l15x_it.h"
     25          
     26          #include "main.h"
     27          
     28          #include "LightPwmDrv.h"
     29          extern uint8_t USART1_ReceiveDataBuf[20] ;
     30          extern uint8_t Buff_Cnt ;
     31          extern uint8_t USART1_FLAG ;
     32          extern uint8_t RETURN_FLAG ;
     33          uint8_t TIM4COUNT = 0;
     34          uint8_t FLASHFLAG = 0;
     35          uint8_t TouchFlag = 0;
     36          extern uint8_t BLEFLAG;
     37          /** @addtogroup IT_Functions
     38            * @{
     39            */
     40          INTERRUPT_HANDLER(NonHandledInterrupt,0)
     41          {
     42          /* In order to detect unexpected events during development,
     43             it is recommended to set a breakpoint on the following instruction.
     44          */
     45            while (1);
     46          
     47          }
     48          /**
     49            * @brief TRAP interrupt routine
     50            * @par Parameters:
     51            * None
     52            * @retval 
     53            * None
     54          */
     55          INTERRUPT_HANDLER_TRAP(TRAP_IRQHandler)
     56          {
     57          /* In order to detect unexpected events during development,
     58             it is recommended to set a breakpoint on the following instruction.
     59          */
     60            while (1);
     61          
     62          }
     63          /**
     64            * @brief FLASH Interrupt routine.
     65            * @par Parameters:
     66            * None
     67            * @retval 
     68            * None
     69            */
     70          INTERRUPT_HANDLER(FLASH_IRQHandler,1)
     71          {
     72          /* In order to detect unexpected events during development,
     73             it is recommended to set a breakpoint on the following instruction.
     74          */
     75            while (1);
     76          
     77          }
     78          /**
     79            * @brief DMA1 channel0 and channel1 Interrupt routine.
     80            * @par Parameters:
     81            * None
     82            * @retval 
     83            * None
     84            */
     85          INTERRUPT_HANDLER(DMA1_CHANNEL0_1_IRQHandler,2)
     86          {
     87          /* In order to detect unexpected events during development,
     88             it is recommended to set a breakpoint on the following instruction.
     89          */
     90            while (1);
     91          
     92          }
     93          /**
     94            * @brief DMA1 channel2 and channel3 Interrupt routine.
     95            * @par Parameters:
     96            * None
     97            * @retval 
     98            * None
     99            */
    100          INTERRUPT_HANDLER(DMA1_CHANNEL2_3_IRQHandler,3)
    101          {
    102          /* In order to detect unexpected events during development,
    103             it is recommended to set a breakpoint on the following instruction.
    104          */
    105            while (1);
    106          
    107          }
    108          /**
    109            * @brief RTC Interrupt routine.
    110            * @par Parameters:
    111            * None
    112            * @retval 
    113            * None
    114            */
    115          
    116          INTERRUPT_HANDLER(RTC_IRQHandler,4)
    117          {
    118          /* In order to detect unexpected events during development,
    119             it is recommended to set a breakpoint on the following instruction.
    120          */
    121            //while (1);
    122            //IRET;
    123            //AlarmOccurred = TRUE;
    124            RTC_ClearITPendingBit(RTC_IT_ALRA);
    125          }
    126          /**
    127            * @brief External IT PORTE/F and PVD Interrupt routine.
    128            * @par Parameters:
    129            * None
    130            * @retval 
    131            * None
    132            */
    133          INTERRUPT_HANDLER(EXTIE_F_PVD_IRQHandler,5)
    134          {
    135          /* In order to detect unexpected events during development,
    136             it is recommended to set a breakpoint on the following instruction.
    137          */
    138            if (PWR_PVDGetITStatus() != RESET)
    139            {
    140              PWR_PVDClearITPendingBit();
    141              if (PWR_GetFlagStatus(PWR_FLAG_PVDOF) != RESET)
    142              {/* Falling Direction Detected*/
    143                //LCD_SetCursorPos(LCD_LINE1, 0);
    144                //LCD_Print("MCU : Halt Mode");
    145                //LCD_SetCursorPos(LCD_LINE2, 0);
    146                //LCD_Print("VDD < PVD_level");
    147          
    148                //halt();
    149              }
    150              else
    151              {/* Rising Direction Detected*/
    152                //LCD_SetCursorPos(LCD_LINE1, 0);
    153                //LCD_Print("MCU : Run  Mode");
    154                //LCD_SetCursorPos(LCD_LINE2, 0);
    155                //LCD_Print("VDD > PVD_level");
    156              }
    157            }
    158          }
    159          
    160          /**
    161            * @brief External IT PORTB Interrupt routine.
    162            * @par Parameters:
    163            * None
    164            * @retval 
    165            * None
    166            */
    167          INTERRUPT_HANDLER(EXTIB_IRQHandler,6)
    168          {
    169          /* In order to detect unexpected events during development,
    170             it is recommended to set a breakpoint on the following instruction.
    171          */
    172            while (1);
    173          
    174          }
    175          
    176          /**
    177            * @brief External IT PORTD Interrupt routine.
    178            * @par Parameters:
    179            * None
    180            * @retval 
    181            * None
    182            */
    183          INTERRUPT_HANDLER(EXTID_IRQHandler,7)
    184          {
    185          /* In order to detect unexpected events during development,
    186             it is recommended to set a breakpoint on the following instruction.
    187          */
    188            while (1);
    189          
    190          }
    191          
    192          /**
    193            * @brief External IT PIN0 Interrupt routine.
    194            * @par Parameters:
    195            * None
    196            * @retval 
    197            * None
    198            */
    199          
    200          INTERRUPT_HANDLER(EXTI0_IRQHandler,8)
    201          {
    202          /* In order to detect unexpected events during development,
    203             it is recommended to set a breakpoint on the following instruction.
    204          */
    205          #if GPIO_CFG_SCHEMA_1
    206            //irdaDecodingFiniteStateMachine ();
    207          #endif
    208            EXTI_ClearITPendingBit(EXTI_IT_Pin0);
    209          }
    210          /**
    211            * @brief External IT PIN1 Interrupt routine.
    212            *   On User button pressed:
    213            *   Check if button presse a long time (4-5 sec.) if yes --> Set Autotest
    214            *   Else update status_machine to pass to next measuremetn.
    215            *   Update the LCD bar graph
    216            * @par Parameters:
    217            * None
    218            * @retval 
    219            * None
    220            */
    221          INTERRUPT_HANDLER(EXTI1_IRQHandler,9)
    222          {
    223            //while (1);
    224            EXTI_ClearITPendingBit(EXTI_IT_Pin1);
    225          }
    226          
    227          /**
    228            * @brief External IT PIN2 Interrupt routine.
    229            * @par Parameters:
    230            * None
    231            * @retval 
    232            * None
    233            */
    234          
    235          INTERRUPT_HANDLER(EXTI2_IRQHandler,10)
    236          {
    237          /* In order to detect unexpected events during development,
    238             it is recommended to set a breakpoint on the following instruction.
    239          */
    240            
    241          
    242            EXTI_ClearITPendingBit(EXTI_IT_Pin2);
    243          }
    244          
    245          /**
    246            * @brief External IT PIN3 Interrupt routine.
    247            * @par Parameters:
    248            * None
    249            * @retval 
    250            * None
    251            */
    252          INTERRUPT_HANDLER(EXTI3_IRQHandler,11)
    253          {
    254          /* In order to detect unexpected events during development,
    255             it is recommended to set a breakpoint on the following instruction.
    256          */
    257            while (1);
    258          }
    259          
    260          /**
    261            * @brief External IT PIN4 Interrupt routine.
    262            * @par Parameters:
    263            * None
    264            * @retval 
    265            * None
    266            */
    267          INTERRUPT_HANDLER(EXTI4_IRQHandler,12)
    268          {
    269          /* In order to detect unexpected events during development,
    270             it is recommended to set a breakpoint on the following instruction.
    271          */
    272            BLEFLAG =0;
    273            TouchFlag++;
    274            if(TouchFlag > 7)
    275              TouchFlag = 1;
    276            EXTI_ClearITPendingBit(EXTI_IT_Pin4);
    277          }
    278          
    279          /**
    280            * @brief External IT PIN5 Interrupt routine.
    281            * @par Parameters:
    282            * None
    283            * @retval 
    284            * None
    285            */
    286          INTERRUPT_HANDLER(EXTI5_IRQHandler,13)
    287          {
    288          /* In order to detect unexpected events during development,
    289             it is recommended to set a breakpoint on the following instruction.
    290          */
    291            while (1);
    292          }
    293          
    294          /**
    295            * @brief External IT PIN6 Interrupt routine.
    296            * @par Parameters:
    297            * None
    298            * @retval 
    299            * None
    300            */
    301          INTERRUPT_HANDLER(EXTI6_IRQHandler,14)
    302          {
    303          #if 0
    304            disableInterrupts();
    305            
    306            /* To clear External IT Pin6 */
    307            EXTI_ClearITPendingBit(EXTI_IT_Pin6);
    308            
    309            enableInterrupts();
    310          #else
    311            EXTI_ClearITPendingBit(EXTI_IT_Pin6);
    312            
    313          #endif
    314          }
    315          
    316          /**
    317            * @brief External IT PIN7 Interrupt routine.
    318            * @par Parameters:
    319            * None
    320            * @retval 
    321            * None
    322            */
    323          INTERRUPT_HANDLER(EXTI7_IRQHandler,15)
    324          {
    325          /* In order to detect unexpected events during development,
    326             it is recommended to set a breakpoint on the following instruction.
    327          */
    328            
    329            while (1);
    330          }
    331          /**
    332            * @brief LCD start of new frame Interrupt routine.
    333            * @par Parameters:
    334            * None
    335            * @retval 
    336            * None
    337            */
    338          INTERRUPT_HANDLER(LCD_IRQHandler,16)
    339          {
    340          /* In order to detect unexpected events during development,
    341             it is recommended to set a breakpoint on the following instruction.
    342          */
    343            while (1);
    344          
    345          }
    346          /**
    347            * @brief CLK switch/CSS/TIM1 break Interrupt routine.
    348            * @par Parameters:
    349            * None
    350            * @retval 
    351            * None
    352            */
    353          INTERRUPT_HANDLER(SWITCH_CSS_BREAK_DAC_IRQHandler,17)
    354          {
    355          /* In order to detect unexpected events during development,
    356             it is recommended to set a breakpoint on the following instruction.
    357          */
    358            while (1);
    359          }
    360          
    361          /**
    362            * @brief ADC1/Comparator Interrupt routine.
    363            * @par Parameters:
    364            * None
    365            * @retval 
    366            * None
    367            */
    368          //extern uint16_t ADCdata;
    369          INTERRUPT_HANDLER(ADC1_COMP_IRQHandler,18)
    370          {
    371          /* In order to detect unexpected events during development,
    372             it is recommended to set a breakpoint on the following instruction.
    373          *///
    374            /* Get ADC convertion value */
    375            //ADCdata = ADC_GetConversionValue(ADC1);
    376            //while (1);
    377          }
    378          
    379          /**
    380            * @brief TIM2 Update/Overflow/Trigger/Break Interrupt routine.
    381            * @par Parameters:
    382            * None
    383            * @retval 
    384            * None
    385            */
    386          INTERRUPT_HANDLER(TIM2_UPD_OVF_TRG_BRK_IRQHandler,19)
    387          {
    388          /* In order to detect unexpected events during development,
    389             it is recommended to set a breakpoint on the following instruction.
    390          */
    391            while (1);
    392          }
    393          
    394          /**
    395            * @brief Timer2 Capture/Compare Interrupt routine.
    396            * @par Parameters:
    397            * None
    398            * @retval 
    399            * None
    400            */
    401          INTERRUPT_HANDLER(TIM2_CAP_IRQHandler,20)
    402          {
    403          /* In order to detect unexpected events during development,
    404             it is recommended to set a breakpoint on the following instruction.
    405          */
    406            while (1);
    407          }
    408          
    409          
    410          /**
    411            * @brief Timer3 Update/Overflow/Trigger/Break Interrupt routine.
    412            * @par Parameters:
    413            * None
    414            * @retval 
    415            * None
    416            */
    417          INTERRUPT_HANDLER(TIM3_UPD_OVF_TRG_BRK_IRQHandler,21)
    418          {
    419          /* In order to detect unexpected events during development,
    420             it is recommended to set a breakpoint on the following instruction.
    421          */
    422            while (1);
    423          }
    424          /**
    425            * @brief Timer3 Capture/Compare Interrupt routine.
    426            * @par Parameters:
    427            * None
    428            * @retval 
    429            * None
    430            */
    431          INTERRUPT_HANDLER(TIM3_CAP_IRQHandler,22)
    432          {
    433          /* In order to detect unexpected events during development,
    434             it is recommended to set a breakpoint on the following instruction.
    435          */
    436            while (1);
    437          }
    438          /**
    439            * @brief TIM1 Update/Overflow/Trigger/Commutation Interrupt routine.
    440            * @par Parameters:
    441            * None
    442            * @retval 
    443            * None
    444            */
    445          INTERRUPT_HANDLER(TIM1_UPD_OVF_TRG_COM_IRQHandler,23)
    446          {
    447          /* In order to detect unexpected events during development,
    448             it is recommended to set a breakpoint on the following instruction.
    449          */
    450            //if(MotorDirection == 1)
    451              //Motor_Forward_Direction();
    452            //if(MotorDirection == 2)
    453             // Motor_Backward_Direction();
    454            /* Clear Interrupt pending bit */
    455            TIM1_ClearITPendingBit(TIM1_IT_COM);
    456          }
    457          /**
    458            * @brief TIM1 Capture/Compare Interrupt routine.
    459            * @par Parameters:
    460            * None
    461            * @retval 
    462            * None
    463            */
    464          INTERRUPT_HANDLER(TIM1_CAP_IRQHandler,24)
    465          {
    466          /* In order to detect unexpected events during development,
    467             it is recommended to set a breakpoint on the following instruction.
    468          */
    469            while (1);
    470          }
    471          
    472          /**
    473            * @brief TIM4 Update/Overflow/Trigger Interrupt routine.
    474            * @par Parameters:
    475            * None
    476            * @retval 
    477            * None
    478            */
    479          
    480          INTERRUPT_HANDLER(TIM4_UPD_OVF_TRG_IRQHandler,25)
    481          {
    482            if(TIM4_GetITStatus(TIM4_IT_Update) == SET)
    483            {
    484              TIM4COUNT ++;
    485              if(TIM4COUNT >= 200)
    486                FLASHFLAG = 1;
    487          
    488            }
    489            /* Clear Interrupt Pending bit */
    490            TIM4_ClearITPendingBit(TIM4_IT_Update);
    491            
    492          
    493          }
    494          /**
    495            * @brief SPI1 Interrupt routine.
    496            * @par Parameters:
    497            * None
    498            * @retval 
    499            * None
    500            */
    501          INTERRUPT_HANDLER(SPI1_IRQHandler,26)
    502          {
    503          /* In order to detect unexpected events during development,
    504             it is recommended to set a breakpoint on the following instruction.
    505          */
    506            //while (1);
    507          
    508          }
    509          
    510          /**
    511            * @brief USART1 TX Interrupt routine.
    512            * @par Parameters:
    513            * None
    514            * @retval 
    515            * None
    516            */
    517          INTERRUPT_HANDLER(USART1_TX_IRQHandler,27)
    518          {
    519          /* In order to detect unexpected events during development,
    520             it is recommended to set a breakpoint on the following instruction.
    521          */
    522            while (1);
    523          
    524          }
    525          
    526          /**
    527            * @brief USART1 RX Interrupt routine.
    528            * @par Parameters:
    529            * None
    530            * @retval 
    531            * None
    532            */
    533          uint8_t key = 1;
    534          uint8_t RX_TX_BUFF =0;
    535          INTERRUPT_HANDLER(USART1_RX_IRQHandler,28)
    536          {
    537            if(USART_GetITStatus(USART1, USART_IT_RXNE) == SET)          //如果串口接收到数据
    538               {
    539                 RX_TX_BUFF = USART_ReceiveData8(USART1);
    540          
    541              
    542                 USART1_ReceiveDataBuf[Buff_Cnt] = RX_TX_BUFF ;
    543                 if((Buff_Cnt == 7))
    544                  {
    545                    USART1_FLAG = 1;
    546                  }
    547                 if(USART1_ReceiveDataBuf[0] == 0xff)
    548                 {
    549                    RETURN_FLAG = 1;
    550                 }
    551          
    552               }
    553            Buff_Cnt++;   
    554            USART_ClearITPendingBit(USART1, USART_IT_RXNE);
    555          }
    556          
    557          
    558          /**
    559            * @brief I2C1 Interrupt routine.
    560            * @par Parameters:
    561            * None
    562            * @retval 
    563            * None
    564            */
    565          INTERRUPT_HANDLER(I2C1_IRQHandler,29)
    566          {
    567          /* In order to detect unexpected events during development,
    568             it is recommended to set a breakpoint on the following instruction.
    569          */
    570            
    571            while(1);
    572          }
    573          
    574          /**
    575            * @}
    576            */
    577          /******************* (C) COPYRIGHT 2010 STMicroelectronics *****END OF FILE****/
    578          

   Section sizes:

   Bytes  Function/Label
   -----  --------------
       1  ADC1_COMP_IRQHandler
       2  DMA1_CHANNEL0_1_IRQHandler
       2  DMA1_CHANNEL2_3_IRQHandler
      29  EXTI0_IRQHandler
      30  EXTI1_IRQHandler
      30  EXTI2_IRQHandler
       2  EXTI3_IRQHandler
      53  EXTI4_IRQHandler
       2  EXTI5_IRQHandler
      30  EXTI6_IRQHandler
       2  EXTI7_IRQHandler
       2  EXTIB_IRQHandler
       2  EXTID_IRQHandler
      41  EXTIE_F_PVD_IRQHandler
       1  FLASHFLAG
       2  FLASH_IRQHandler
       2  I2C1_IRQHandler
       2  LCD_IRQHandler
       2  NonHandledInterrupt
      30  RTC_IRQHandler
       1  RX_TX_BUFF
       1  SPI1_IRQHandler
       2  SWITCH_CSS_BREAK_DAC_IRQHandler
       2  TIM1_CAP_IRQHandler
      29  TIM1_UPD_OVF_TRG_COM_IRQHandler
       2  TIM2_CAP_IRQHandler
       2  TIM2_UPD_OVF_TRG_BRK_IRQHandler
       2  TIM3_CAP_IRQHandler
       2  TIM3_UPD_OVF_TRG_BRK_IRQHandler
       1  TIM4COUNT
      58  TIM4_UPD_OVF_TRG_IRQHandler
       2  TRAP_IRQHandler
       1  TouchFlag
     100  USART1_RX_IRQHandler
       2  USART1_TX_IRQHandler
       1  key

 
 470 bytes in section .far_func.text
   4 bytes in section .near.bss
   1 byte  in section .near.data
 
 470 bytes of CODE memory
   5 bytes of DATA memory

Errors: none
Warnings: none
